Last login: Wed Jul 29 17:09:02 on console
fadjars-MacBook-Pro:~ syifaina$ node --version
v12.16.1
fadjars-MacBook-Pro:~ syifaina$ 1
-bash: 1: command not found
fadjars-MacBook-Pro:~ syifaina$ 
fadjars-MacBook-Pro:~ syifaina$  ssh -p 64000 courseki@coursekita
ssh: Could not resolve hostname coursekita: nodename nor servname provided, or not known
fadjars-MacBook-Pro:~ syifaina$  ssh -p 64000 courseki@coursekita.com
The authenticity of host '[coursekita.com]:64000 ([103.147.154.43]:64000)' can't be established.
ECDSA key fingerprint is SHA256:y7rDs3IPOAI7WBYGddwj924mRnzSsNeeGzjIvlIXLQE.
Are you sure you want to continue connecting (yes/no)? yes
Warning: Permanently added '[coursekita.com]:64000,[103.147.154.43]:64000' (ECDSA) to the list of known hosts.
courseki@coursekita.com's password: 
Connection closed by 103.147.154.43 port 64000
fadjars-MacBook-Pro:~ syifaina$  ssh -p 64000 courseki@coursekita.com
courseki@coursekita.com's password: 
perl: warning: Setting locale failed.
perl: warning: Please check that your locale settings:
	LANGUAGE = (unset),
	LC_ALL = (unset),
	LC_CTYPE = "UTF-8",
	LANG = (unset)
    are supported and installed on your system.
perl: warning: Falling back to the standard locale ("C").
perl: warning: Setting locale failed.
perl: warning: Please check that your locale settings:
	LANGUAGE = (unset),
	LC_ALL = (unset),
	LC_CTYPE = "UTF-8",
	LANG = (unset)
    are supported and installed on your system.
perl: warning: Falling back to the standard locale ("C").
perl: warning: Setting locale failed.
perl: warning: Please check that your locale settings:
	LANGUAGE = (unset),
	LC_ALL = (unset),
	LC_CTYPE = "UTF-8",
	LANG = (unset)
    are supported and installed on your system.
perl: warning: Falling back to the standard locale ("C").
[courseki@nymeria ~]$ node
> 
(To exit, press ^C again or type .exit)
> 
[courseki@nymeria ~]$ node --version
v8.17.0
[courseki@nymeria ~]$ touch tmp/restart.txt
[courseki@nymeria ~]$ ls
access-logs  mail            public_html                 ssl
etc          memcached.sock  rnd.express.coursekita.com  tmp
logs         public_ftp      rnd.react.coursekita.com    www
[courseki@nymeria ~]$ touch tmp/restart.txt
[courseki@nymeria ~]$ touch tmp/restart.txt
[courseki@nymeria ~]$ cd tmp/
[courseki@nymeria tmp]$ ls
analog                          sess_8fc4bb79d9a0a044ee6e43d54fb9e0c3
awstats                         webalizer
pma_template_compiles_courseki  webalizerftp
restart.txt
[courseki@nymeria tmp]$ touch restart.txt 
[courseki@nymeria tmp]$ cd ..
[courseki@nymeria ~]$ ls
access-logs      logs            nodevenv     rnd.express.coursekita.com  tmp
backendExpresss  mail            public_ftp   rnd.react.coursekita.com    www
etc              memcached.sock  public_html  ssl
[courseki@nymeria ~]$ cd backendExpresss/
[courseki@nymeria backendExpresss]$ node --version
v8.17.0
[courseki@nymeria backendExpresss]$ ls    
app.js  public  tmp
[courseki@nymeria backendExpresss]$ source /home/courseki/nodevenv/backendExpresss/10/bin/activate && cd /home/courseki/backendExpresss
[backendExpresss (10)] [courseki@nymeria backendExpresss]$ ls
app.js  public  tmp
[backendExpresss (10)] [courseki@nymeria backendExpresss]$ cd public/
[backendExpresss (10)] [courseki@nymeria public]$ ls
[backendExpresss (10)] [courseki@nymeria public]$ cd ..
[backendExpresss (10)] [courseki@nymeria backendExpresss]$ cd tmp/
[backendExpresss (10)] [courseki@nymeria tmp]$ ls
restart.txt
[backendExpresss (10)] [courseki@nymeria tmp]$ cd ..
[backendExpresss (10)] [courseki@nymeria backendExpresss]$ mkdir backend-express-app
[backendExpresss (10)] [courseki@nymeria backendExpresss]$ npm init
This utility will walk you through creating a package.json file.
It only covers the most common items, and tries to guess sensible defaults.

See `npm help json` for definitive documentation on these fields
and exactly what they do.

Use `npm install <pkg>` afterwards to install a package and
save it as a dependency in the package.json file.

Press ^C at any time to quit.
package name: (backendexpresss) 
version: (1.0.0) npm WARN init canceled
[backendExpresss (10)] [courseki@nymeria backendExpresss]$ ls
app.js  backend-express-app  public  tmp
[backendExpresss (10)] [courseki@nymeria backendExpresss]$ cd backend-express-app/
[backendExpresss (10)] [courseki@nymeria backend-express-app]$ npm init
This utility will walk you through creating a package.json file.
It only covers the most common items, and tries to guess sensible defaults.

See `npm help json` for definitive documentation on these fields
and exactly what they do.

Use `npm install <pkg>` afterwards to install a package and
save it as a dependency in the package.json file.

Press ^C at any time to quit.
package name: (backend-express-app) 
version: (1.0.0) 
description: 
entry point: (index.js) 
test command: 
git repository: 
keywords: 
author: 
license: (ISC) 
About to write to /home/courseki/backendExpresss/backend-express-app/package.json:

{
  "name": "backend-express-app",
  "version": "1.0.0",
  "description": "",
  "main": "index.js",
  "scripts": {
    "test": "echo \"Error: no test specified\" && exit 1"
  },
  "author": "",
  "license": "ISC"
}


Is this OK? (yes) 
[backendExpresss (10)] [courseki@nymeria backend-express-app]$ ls
package.json
[backendExpresss (10)] [courseki@nymeria backend-express-app]$ npm install express --save
npm WARN saveError ENOENT: no such file or directory, open '/home/courseki/nodevenv/backendExpresss/10/lib/package.json'
npm notice created a lockfile as package-lock.json. You should commit this file.
npm WARN enoent ENOENT: no such file or directory, open '/home/courseki/nodevenv/backendExpresss/10/lib/package.json'
npm WARN lib No description
npm WARN lib No repository field.
npm WARN lib No README data
npm WARN lib No license field.

+ express@4.17.1
added 50 packages from 37 contributors and audited 50 packages in 21.023s
found 0 vulnerabilities

[backendExpresss (10)] [courseki@nymeria backend-express-app]$ ls
package.json
[backendExpresss (10)] [courseki@nymeria backend-express-app]$ ls
package.json
[backendExpresss (10)] [courseki@nymeria backend-express-app]$ packet_write_wait: Connection to 103.147.154.43 port 64000: Broken pipe
fadjars-MacBook-Pro:~ syifaina$ ls
Desktop		Downloads	Google Drive	Movies		Pictures
Documents	Git		Library		Music		Public
fadjars-MacBook-Pro:~ syifaina$  ssh -p 64000 courseki@coursekita.com
courseki@coursekita.com's password: 
perl: warning: Setting locale failed.
perl: warning: Please check that your locale settings:
	LANGUAGE = (unset),
	LC_ALL = (unset),
	LC_CTYPE = "UTF-8",
	LANG = (unset)
    are supported and installed on your system.
perl: warning: Falling back to the standard locale ("C").
perl: warning: Setting locale failed.
perl: warning: Please check that your locale settings:
	LANGUAGE = (unset),
	LC_ALL = (unset),
	LC_CTYPE = "UTF-8",
	LANG = (unset)
    are supported and installed on your system.
perl: warning: Falling back to the standard locale ("C").
perl: warning: Setting locale failed.
perl: warning: Please check that your locale settings:
	LANGUAGE = (unset),
	LC_ALL = (unset),
	LC_CTYPE = "UTF-8",
	LANG = (unset)
    are supported and installed on your system.
perl: warning: Falling back to the standard locale ("C").
[courseki@nymeria ~]$ source /home/courseki/nodevenv/frontEnd/10/bin/activate && cd /home/courseki/frontEnd
[frontEnd (10)] [courseki@nymeria frontEnd]$ npx create-react-app coursekita-frontend
npx: installed 98 in 51.367s

Creating a new React app in /home/courseki/frontEnd/coursekita-frontend.

Installing packages. This might take a couple of minutes.
Installing react, react-dom, and react-scripts with cra-template...

yarn add v1.22.4
[1/4] Resolving packages...
[2/4] Fetching packages...
info fsevents@1.2.12: The platform "linux" is incompatible with this module.
info "fsevents@1.2.12" is an optional dependency and failed compatibility check. Excluding it from installation.
info fsevents@2.1.2: The platform "linux" is incompatible with this module.
info "fsevents@2.1.2" is an optional dependency and failed compatibility check. Excluding it from installation.
[3/4] Linking dependencies...
warning "react-scripts > @typescript-eslint/eslint-plugin > tsutils@3.17.1" has unmet peer dependency "typescript@>=2.8.0 || >= 3.2.0-dev || >= 3.3.0-dev || >= 3.4.0-dev || >= 3.5.0-dev || >= 3.6.0-dev || >= 3.6.0-beta || >= 3.7.0-dev || >= 3.7.0-beta".
[4/4] Building fresh packages...
success Saved lockfile.
success Saved 15 new dependencies.
info Direct dependencies
├─ cra-template@1.0.3
├─ react-dom@16.13.1
├─ react-scripts@3.4.1
└─ react@16.13.1
info All dependencies
├─ @babel/helper-member-expression-to-functions@7.10.5
├─ @babel/plugin-syntax-typescript@7.10.4
├─ @babel/plugin-transform-flow-strip-types@7.9.0
├─ @babel/plugin-transform-runtime@7.9.0
├─ @babel/plugin-transform-typescript@7.10.5
├─ @babel/preset-typescript@7.9.0
├─ babel-preset-react-app@9.1.2
├─ cra-template@1.0.3
├─ eslint-config-react-app@5.2.1
├─ react-dev-utils@10.2.1
├─ react-dom@16.13.1
├─ react-error-overlay@6.0.7
├─ react-scripts@3.4.1
├─ react@16.13.1
└─ scheduler@0.19.1
Done in 138.84s.

Initialized a git repository.

Installing template dependencies using yarnpkg...
yarn add v1.22.4
[1/4] Resolving packages...
warning @testing-library/react > @types/testing-library__react > @types/testing-library__dom@7.5.0: This is a stub types definition. testing-library__dom provides its own type definitions, so you do not need this installed.
[2/4] Fetching packages...
info fsevents@2.1.2: The platform "linux" is incompatible with this module.
info "fsevents@2.1.2" is an optional dependency and failed compatibility check. Excluding it from installation.
info fsevents@1.2.12: The platform "linux" is incompatible with this module.
info "fsevents@1.2.12" is an optional dependency and failed compatibility check. Excluding it from installation.
[3/4] Linking dependencies...
warning "react-scripts > @typescript-eslint/eslint-plugin > tsutils@3.17.1" has unmet peer dependency "typescript@>=2.8.0 || >= 3.2.0-dev || >= 3.3.0-dev || >= 3.4.0-dev || >= 3.5.0-dev || >= 3.6.0-dev || >= 3.6.0-beta || >= 3.7.0-dev || >= 3.7.0-beta".
warning " > @testing-library/user-event@7.2.1" has unmet peer dependency "@testing-library/dom@>=5".
[4/4] Building fresh packages...
success Saved lockfile.
success Saved 22 new dependencies.
info Direct dependencies
├─ @testing-library/jest-dom@4.2.4
├─ @testing-library/react@9.5.0
├─ @testing-library/user-event@7.2.1
├─ react-dom@16.13.1
└─ react@16.13.1
info All dependencies
├─ @babel/runtime-corejs3@7.10.5
├─ @sheerun/mutationobserver-shim@0.3.3
├─ @testing-library/dom@6.16.0
├─ @testing-library/jest-dom@4.2.4
├─ @testing-library/react@9.5.0
├─ @testing-library/user-event@7.2.1
├─ @types/aria-query@4.2.0
├─ @types/prop-types@15.7.3
├─ @types/react-dom@16.9.8
├─ @types/react@16.9.43
├─ @types/testing-library__dom@7.5.0
├─ @types/testing-library__react@9.1.3
├─ aria-query@4.2.2
├─ css.escape@1.5.1
├─ csstype@2.6.13
├─ dom-accessibility-api@0.3.0
├─ min-indent@1.0.1
├─ react-dom@16.13.1
├─ react@16.13.1
├─ redent@3.0.0
├─ strip-indent@3.0.0
└─ wait-for-expect@3.0.2
Done in 36.50s.
Removing template package using yarnpkg...

yarn remove v1.22.4
[1/2] Removing module cra-template...
[2/2] Regenerating lockfile and installing missing dependencies...
info fsevents@2.1.2: The platform "linux" is incompatible with this module.
info "fsevents@2.1.2" is an optional dependency and failed compatibility check. Excluding it from installation.
info fsevents@1.2.12: The platform "linux" is incompatible with this module.
info "fsevents@1.2.12" is an optional dependency and failed compatibility check. Excluding it from installation.
warning " > @testing-library/user-event@7.2.1" has unmet peer dependency "@testing-library/dom@>=5".
warning "react-scripts > @typescript-eslint/eslint-plugin > tsutils@3.17.1" has unmet peer dependency "typescript@>=2.8.0 || >= 3.2.0-dev || >= 3.3.0-dev || >= 3.4.0-dev || >= 3.5.0-dev || >= 3.6.0-dev || >= 3.6.0-beta || >= 3.7.0-dev || >= 3.7.0-beta".
success Uninstalled packages.
Done in 15.31s.
Git commit not created { Error: Command failed: git commit -m "Initialize project using Create React App"
    at checkExecSyncError (child_process.js:629:11)
    at execSync (child_process.js:666:13)
    at tryGitCommit (/home/courseki/frontEnd/coursekita-frontend/node_modules/react-scripts/scripts/init.js:62:5)
    at module.exports (/home/courseki/frontEnd/coursekita-frontend/node_modules/react-scripts/scripts/init.js:334:25)
    at [eval]:3:14
    at Script.runInThisContext (vm.js:122:20)
    at Object.runInThisContext (vm.js:329:38)
    at Object.<anonymous> ([eval]-wrapper:6:22)
    at Module._compile (internal/modules/cjs/loader.js:778:30)
    at evalScript (internal/bootstrap/node.js:590:27)
  status: 128,
  signal: null,
  output: [ null, null, null ],
  pid: 148422,
  stdout: null,
  stderr: null }
Removing .git directory...

Success! Created coursekita-frontend at /home/courseki/frontEnd/coursekita-frontend
Inside that directory, you can run several commands:

  yarn start
    Starts the development server.

  yarn build
    Bundles the app into static files for production.

  yarn test
    Starts the test runner.

  yarn eject
    Removes this tool and copies build dependencies, configuration files
    and scripts into the app directory. If you do this, you can’t go back!

We suggest that you begin by typing:

  cd coursekita-frontend
  yarn start

Happy hacking!
[frontEnd (10)] [courseki@nymeria frontEnd]$ cd coursekita-frontend/
[frontEnd (10)] [courseki@nymeria coursekita-frontend]$ packet_write_wait: Connection to 103.147.154.43 port 64000: Broken pipe
fadjars-MacBook-Pro:~ syifaina$  ssh -p 64000 courseki@coursekita.com
courseki@coursekita.com's password: 
perl: warning: Setting locale failed.
perl: warning: Please check that your locale settings:
	LANGUAGE = (unset),
	LC_ALL = (unset),
	LC_CTYPE = "UTF-8",
	LANG = (unset)
    are supported and installed on your system.
perl: warning: Falling back to the standard locale ("C").
perl: warning: Setting locale failed.
perl: warning: Please check that your locale settings:
	LANGUAGE = (unset),
	LC_ALL = (unset),
	LC_CTYPE = "UTF-8",
	LANG = (unset)
    are supported and installed on your system.
perl: warning: Falling back to the standard locale ("C").
perl: warning: Setting locale failed.
perl: warning: Please check that your locale settings:
	LANGUAGE = (unset),
	LC_ALL = (unset),
	LC_CTYPE = "UTF-8",
	LANG = (unset)
    are supported and installed on your system.
perl: warning: Falling back to the standard locale ("C").
[courseki@nymeria ~]$ source /home/courseki/nodevenv/frontEnd/10/bin/activate && cd /home/courseki/frontEnd
[frontEnd (10)] [courseki@nymeria frontEnd]$ ls
app.js  coursekita-frontend  public  tmp
[frontEnd (10)] [courseki@nymeria frontEnd]$ cd coursekita-frontend/
[frontEnd (10)] [courseki@nymeria coursekita-frontend]$ ls
README.md  node_modules  package.json  public  src  yarn.lock
[frontEnd (10)] [courseki@nymeria coursekita-frontend]$ yarn add pm2 serve --save
yarn add v1.22.4
[1/4] Resolving packages...
[2/4] Fetching packages...
info fsevents@2.1.2: The platform "linux" is incompatible with this module.
info "fsevents@2.1.2" is an optional dependency and failed compatibility check. Excluding it from installation.
info fsevents@1.2.12: The platform "linux" is incompatible with this module.
info "fsevents@1.2.12" is an optional dependency and failed compatibility check. Excluding it from installation.
[3/4] Linking dependencies...
warning " > @testing-library/user-event@7.2.1" has unmet peer dependency "@testing-library/dom@>=5".
warning "react-scripts > @typescript-eslint/eslint-plugin > tsutils@3.17.1" has unmet peer dependency "typescript@>=2.8.0 || >= 3.2.0-dev || >= 3.3.0-dev || >= 3.4.0-dev || >= 3.5.0-dev || >= 3.6.0-dev || >= 3.6.0-beta || >= 3.7.0-dev || >= 3.7.0-beta".
[4/4] Building fresh packages...
success Saved lockfile.
success Saved 79 new dependencies.
info Direct dependencies
├─ pm2@4.4.0
└─ serve@11.3.2
info All dependencies
├─ @opencensus/core@0.0.9
├─ @opencensus/propagation-b3@0.0.8
├─ @pm2/agent-node@1.1.10
├─ @pm2/agent@1.0.4
├─ @pm2/io@4.3.5
├─ @pm2/js-api@0.6.0
├─ @pm2/pm2-version-check@1.0.3
├─ @zeit/schemas@2.6.0
├─ amp-message@0.1.2
├─ amp@0.3.1
├─ ansi-align@2.0.0
├─ arch@2.1.2
├─ arg@2.0.0
├─ ast-types@0.13.3
├─ async-listener@0.6.10
├─ axios@0.19.2
├─ blessed@0.1.81
├─ boxen@1.3.0
├─ charm@0.1.2
├─ cli-boxes@1.0.0
├─ cli-tableau@2.0.1
├─ clipboardy@1.2.3
├─ compression@1.7.3
├─ content-disposition@0.5.2
├─ cron@1.8.2
├─ data-uri-to-buffer@1.2.0
├─ dayjs@1.8.31
├─ deep-extend@0.6.0
├─ degenerator@1.0.4
├─ emitter-listener@1.1.2
├─ enquirer@2.3.5
├─ es6-promise@4.2.8
├─ escape-regexp@0.0.1
├─ eventemitter2@5.0.1
├─ fast-url-parser@1.1.3
├─ fclone@1.0.11
├─ follow-redirects@1.5.10
├─ ftp@0.3.10
├─ get-uri@2.0.4
├─ lazy@1.0.11
├─ module-details-from-path@1.0.3
├─ moment-timezone@0.5.31
├─ moment@2.27.0
├─ needle@2.4.0
├─ netmask@1.0.6
├─ nssocket@0.6.0
├─ pac-proxy-agent@3.0.1
├─ pac-resolver@3.0.0
├─ path-to-regexp@2.2.1
├─ pidusage@2.0.18
├─ pm2-axon-rpc@0.5.1
├─ pm2-axon@3.3.0
├─ pm2-deploy@1.0.2
├─ pm2-multimeter@0.1.2
├─ pm2@4.4.0
├─ promptly@2.2.0
├─ proxy-agent@3.1.1
├─ proxy-from-env@1.1.0
├─ ps-list@6.3.0
├─ pseudomap@1.0.2
├─ rc@1.2.8
├─ read@1.0.7
├─ registry-auth-token@3.3.2
├─ registry-url@3.1.0
├─ require-in-the-middle@5.0.3
├─ run-series@1.1.8
├─ serve-handler@6.1.3
├─ serve@11.3.2
├─ smart-buffer@4.1.0
├─ socks@2.3.3
├─ sprintf-js@1.1.2
├─ systeminformation@4.26.10
├─ term-size@1.2.0
├─ thunkify@2.1.2
├─ tv4@1.3.0
├─ update-check@1.5.2
├─ vizion@0.2.13
├─ widest-line@2.0.1
└─ yamljs@0.3.0
Done in 41.71s.
[frontEnd (10)] [courseki@nymeria coursekita-frontend]$ ls
README.md  node_modules  package.json  public  src  yarn.lock
[frontEnd (10)] [courseki@nymeria coursekita-frontend]$ 1
-bash: 1: command not found
[frontEnd (10)] [courseki@nymeria coursekita-frontend]$ 
[frontEnd (10)] [courseki@nymeria coursekita-frontend]$ vim ecosystem.config.js
[frontEnd (10)] [courseki@nymeria coursekita-frontend]$ vim ecosystem.config.js
[frontEnd (10)] [courseki@nymeria coursekita-frontend]$ yarn build
yarn run v1.22.4
$ react-scripts build
Creating an optimized production build...
Compiled successfully.

File sizes after gzip:

  39.4 KB  build/static/js/2.19757215.chunk.js
  784 B    build/static/js/runtime-main.d59535e5.js
  654 B    build/static/js/main.e8a28d4f.chunk.js
  547 B    build/static/css/main.5f361e03.chunk.css

The project was built assuming it is hosted at /.
You can control this with the homepage field in your package.json.

The build folder is ready to be deployed.
You may serve it with a static server:

  yarn global add serve
  serve -s build

Find out more about deployment here:

  bit.ly/CRA-deploy

Done in 25.84s.
[frontEnd (10)] [courseki@nymeria coursekita-frontend]$ ls
README.md  ecosystem.config.js  package.json  src
build      node_modules         public        yarn.lock
[frontEnd (10)] [courseki@nymeria coursekita-frontend]$ npx pm2 start ecosystem.config.js

                        -------------

__/\\\\\\\\\\\\\____/\\\\____________/\\\\____/\\\\\\\\\_____
 _\/\\\/////////\\\_\/\\\\\\________/\\\\\\__/\\\///////\\\___
  _\/\\\_______\/\\\_\/\\\//\\\____/\\\//\\\_\///______\//\\\__
   _\/\\\\\\\\\\\\\/__\/\\\\///\\\/\\\/_\/\\\___________/\\\/___
    _\/\\\/////////____\/\\\__\///\\\/___\/\\\________/\\\//_____
     _\/\\\_____________\/\\\____\///_____\/\\\_____/\\\//________
      _\/\\\_____________\/\\\_____________\/\\\___/\\\/___________
       _\/\\\_____________\/\\\_____________\/\\\__/\\\\\\\\\\\\\\\_
        _\///______________\///______________\///__\///////////////__


                          Runtime Edition

        PM2 is a Production Process Manager for Node.js applications
                     with a built-in Load Balancer.

                Start and Daemonize any application:
                $ pm2 start app.js

                Load Balance 4 instances of api.js:
                $ pm2 start api.js -i 4

                Monitor in production:
                $ pm2 monitor

                Make pm2 auto-boot at server restart:
                $ pm2 startup

                To go further checkout:
                http://pm2.io/


                        -------------

[PM2] Spawning PM2 daemon with pm2_home=/home/courseki/.pm2
[PM2] PM2 Successfully daemonized
[PM2][WARN] Applications coursekita-frontend not running, starting...
[PM2] App [coursekita-frontend] launched (1 instances)
┌────┬────────────────────┬──────────┬──────┬───────────┬──────────┬──────────┐
│ id │ name               │ mode     │ ↺    │ status    │ cpu      │ memory   │
├────┼────────────────────┼──────────┼──────┼───────────┼──────────┼──────────┤
│ 0  │ coursekita-fronte… │ fork     │ 0    │ online    │ 0%       │ 14.4mb   │
└────┴────────────────────┴──────────┴──────┴───────────┴──────────┴──────────┘
[frontEnd (10)] [courseki@nymeria coursekita-frontend]$ cd ..
[frontEnd (10)] [courseki@nymeria frontEnd]$ cd .. 
[frontEnd (10)] [courseki@nymeria ~]$ ls
Repositories       etc       memcached.sock  rnd.express.coursekita.com  www
access-logs        frontEnd  nodevenv        rnd.react.coursekita.com
backendExpressLog  logs      public_ftp      ssl
backendExpresss    mail      public_html     tmp
[frontEnd (10)] [courseki@nymeria ~]$ cd rnd.react.coursekita.com/
[frontEnd (10)] [courseki@nymeria rnd.react.coursekita.com]$ ls
cgi-bin  ionic-react-course
[frontEnd (10)] [courseki@nymeria rnd.react.coursekita.com]$ cd cgi`
> ^C
[frontEnd (10)] [courseki@nymeria rnd.react.coursekita.com]$ cd cgi-bin/
[frontEnd (10)] [courseki@nymeria cgi-bin]$ ls
[frontEnd (10)] [courseki@nymeria cgi-bin]$ cd ..
[frontEnd (10)] [courseki@nymeria rnd.react.coursekita.com]$ source /home/courseki/nodevenv/frontEnd/10/bin/activate && cd /home/courseki/frontEnd
[frontEnd (10)] [courseki@nymeria frontEnd]$ ls
app.js  coursekita-frontend  public  tmp
[frontEnd (10)] [courseki@nymeria frontEnd]$ cd coursekita-frontend/
[frontEnd (10)] [courseki@nymeria coursekita-frontend]$ ls
README.md  ecosystem.config.js  package.json  src
build      node_modules         public        yarn.lock
[frontEnd (10)] [courseki@nymeria coursekita-frontend]$ packet_write_wait: Connection to 103.147.154.43 port 64000: Broken pipe
fadjars-MacBook-Pro:~ syifaina$  ssh -p 64000 courseki@coursekita.com
courseki@coursekita.com's password: 
perl: warning: Setting locale failed.
perl: warning: Please check that your locale settings:
	LANGUAGE = (unset),
	LC_ALL = (unset),
	LC_CTYPE = "UTF-8",
	LANG = (unset)
    are supported and installed on your system.
perl: warning: Falling back to the standard locale ("C").
perl: warning: Setting locale failed.
perl: warning: Please check that your locale settings:
	LANGUAGE = (unset),
	LC_ALL = (unset),
	LC_CTYPE = "UTF-8",
	LANG = (unset)
    are supported and installed on your system.
perl: warning: Falling back to the standard locale ("C").
perl: warning: Setting locale failed.
perl: warning: Please check that your locale settings:
	LANGUAGE = (unset),
	LC_ALL = (unset),
	LC_CTYPE = "UTF-8",
	LANG = (unset)
    are supported and installed on your system.
perl: warning: Falling back to the standard locale ("C").
[courseki@nymeria ~]$ ls
Repositories       etc       memcached.sock  rnd.express.coursekita.com  www
access-logs        frontEnd  nodevenv        rnd.react.coursekita.com
backendExpressLog  logs      public_ftp      ssl
backendExpresss    mail      public_html     tmp
[courseki@nymeria ~]$ cd rnd.react.coursekita.com/
[courseki@nymeria rnd.react.coursekita.com]$ ls
cgi-bin  ionic-react-course
[courseki@nymeria rnd.react.coursekita.com]$ vim index.js
[courseki@nymeria rnd.react.coursekita.com]$ source /home/courseki/nodevenv/frontEnd/10/bin/activate && cd /home/courseki/frontEnd
[frontEnd (10)] [courseki@nymeria frontEnd]$ cd
[frontEnd (10)] [courseki@nymeria ~]$ ls
Repositories       etc       memcached.sock  rnd.express.coursekita.com  www
access-logs        frontEnd  nodevenv        rnd.react.coursekita.com
backendExpressLog  logs      public_ftp      ssl
backendExpresss    mail      public_html     tmp
[frontEnd (10)] [courseki@nymeria ~]$ source /home/courseki/nodevenv/frontEnd/10/bin/activate && cd /home/courseki/frontEnd
[frontEnd (10)] [courseki@nymeria frontEnd]$ ls
app.js  coursekita-frontend  public  tmp
[frontEnd (10)] [courseki@nymeria frontEnd]$ cd coursekita-frontend/
[frontEnd (10)] [courseki@nymeria coursekita-frontend]$ npx pm2 start ecosystem.config.js
[PM2] Applying action restartProcessId on app [coursekita-frontend](ids: 0)
[PM2] [coursekita-frontend](0) ✓
┌────┬────────────────────┬──────────┬──────┬───────────┬──────────┬──────────┐
│ id │ name               │ mode     │ ↺    │ status    │ cpu      │ memory   │
├────┼────────────────────┼──────────┼──────┼───────────┼──────────┼──────────┤
│ 0  │ coursekita-fronte… │ fork     │ 1    │ online    │ 0%       │ 10.3mb   │
└────┴────────────────────┴──────────┴──────┴───────────┴──────────┴──────────┘
[frontEnd (10)] [courseki@nymeria coursekita-frontend]$ cd ..
[frontEnd (10)] [courseki@nymeria frontEnd]$ ls
app.js  coursekita-frontend  public  tmp
[frontEnd (10)] [courseki@nymeria frontEnd]$ cd ..
[frontEnd (10)] [courseki@nymeria ~]$ ls
Repositories       etc       memcached.sock  rnd.express.coursekita.com  www
access-logs        frontEnd  nodevenv        rnd.react.coursekita.com
backendExpressLog  logs      public_ftp      ssl
backendExpresss    mail      public_html     tmp
[frontEnd (10)] [courseki@nymeria ~]$ cd rnd.
-bash: cd: rnd.: No such file or directory
[frontEnd (10)] [courseki@nymeria ~]$ cd rnd.react.coursekita.com/
[frontEnd (10)] [courseki@nymeria rnd.react.coursekita.com]$ vim .htaccess
[frontEnd (10)] [courseki@nymeria rnd.react.coursekita.com]$ npx pm2 stop ecosystem.config.js
npx: installed 185 in 100.64s
[PM2][ERROR] File ecosystem.config.js not found
[frontEnd (10)] [courseki@nymeria rnd.react.coursekita.com]$ source /home/courseki/nodevenv/frontEnd/10/bin/activate && cd /home/courseki/frontEnd
[frontEnd (10)] [courseki@nymeria frontEnd]$ ls    
app.js  coursekita-frontend  public  tmp
[frontEnd (10)] [courseki@nymeria frontEnd]$ cd course
-bash: cd: course: No such file or directory
[frontEnd (10)] [courseki@nymeria frontEnd]$ cd coursekita-frontend/
[frontEnd (10)] [courseki@nymeria coursekita-frontend]$ ls
README.md  ecosystem.config.js  package.json  src
build      node_modules         public        yarn.lock
[frontEnd (10)] [courseki@nymeria coursekita-frontend]$ npx pm2 stop ecosystem.config.js
[PM2] [coursekita-frontend](0) ✓
┌────┬────────────────────┬──────────┬──────┬───────────┬──────────┬──────────┐
│ id │ name               │ mode     │ ↺    │ status    │ cpu      │ memory   │
├────┼────────────────────┼──────────┼──────┼───────────┼──────────┼──────────┤
│ 0  │ coursekita-fronte… │ fork     │ 1    │ stopped   │ 0%       │ 0b       │
└────┴────────────────────┴──────────┴──────┴───────────┴──────────┴──────────┘
[frontEnd (10)] [courseki@nymeria coursekita-frontend]$ source /home/courseki/nodevenv/frontEnd/10/bin/activate && cd /home/courseki/frontEnd
[frontEnd (10)] [courseki@nymeria frontEnd]$ ls
app.js  coursekita-frontend  ionic-react-course  public  tmp
[frontEnd (10)] [courseki@nymeria frontEnd]$ cd ionic-react-course/
[frontEnd (10)] [courseki@nymeria ionic-react-course]$ ls
README.md  ecosystem.config.js  package-lock.json  package.json  public  src
[frontEnd (10)] [courseki@nymeria ionic-react-course]$ npm install
npm WARN saveError ENOENT: no such file or directory, open '/home/courseki/nodevenv/frontEnd/10/lib/package.json'
npm notice created a lockfile as package-lock.json. You should commit this file.
npm WARN enoent ENOENT: no such file or directory, open '/home/courseki/nodevenv/frontEnd/10/lib/package.json'
npm WARN lib No description
npm WARN lib No repository field.
npm WARN lib No README data
npm WARN lib No license field.

up to date in 0.488s
found 0 vulnerabilities

[frontEnd (10)] [courseki@nymeria ionic-react-course]$ npm build
npm WARN build `npm build` called with no arguments. Did you mean to `npm run-script build`?
[frontEnd (10)] [courseki@nymeria ionic-react-course]$ yarn build
yarn run v1.22.4
$ react-scripts build
/bin/sh: react-scripts: command not found
error Command failed with exit code 127.
info Visit https://yarnpkg.com/en/docs/cli/run for documentation about this command.
[frontEnd (10)] [courseki@nymeria ionic-react-course]$ ls
README.md  ecosystem.config.js  package-lock.json  package.json  public  src
[frontEnd (10)] [courseki@nymeria ionic-react-course]$ npm run-script build
npm WARN lifecycle The node binary used for scripts is /home/courseki/nodevenv/frontEnd/10/bin/node but npm is using /opt/alt/alt-nodejs10/root/usr/bin/node itself. Use the `--scripts-prepend-node-path` option to include the path for the node binary npm was executed with.

> ionic-react-course@0.1.0 build /home/courseki/frontEnd/ionic-react-course
> react-scripts build

sh: react-scripts: command not found
npm ERR! code ELIFECYCLE
npm ERR! syscall spawn
npm ERR! file sh
npm ERR! errno ENOENT
npm ERR! ionic-react-course@0.1.0 build: `react-scripts build`
npm ERR! spawn ENOENT
npm ERR! 
npm ERR! Failed at the ionic-react-course@0.1.0 build script.
npm ERR! This is probably not a problem with npm. There is likely additional logging output above.
npm WARN Local package.json exists, but node_modules missing, did you mean to install?

npm ERR! A complete log of this run can be found in:
npm ERR!     /home/courseki/.npm/_logs/2020-07-30T17_37_16_900Z-debug.log
[frontEnd (10)] [courseki@nymeria ionic-react-course]$ sudo npm install
-bash: sudo: command not found
[frontEnd (10)] [courseki@nymeria ionic-react-course]$ yarn install
yarn install v1.22.4
info No lockfile found.
warning package-lock.json found. Your project contains lock files generated by tools other than Yarn. It is advised not to mix package managers in order to avoid resolution inconsistencies caused by unsynchronized lock files. To clear this warning, remove package-lock.json.
[1/4] Resolving packages...
warning @testing-library/jest-dom > css > urix@0.1.0: Please see https://github.com/lydell/urix#deprecated
warning @testing-library/jest-dom > css > source-map-resolve > urix@0.1.0: Please see https://github.com/lydell/urix#deprecated
warning @testing-library/jest-dom > css > source-map-resolve > resolve-url@0.2.1: https://github.com/lydell/resolve-url#deprecated
warning @testing-library/react > @types/testing-library__react > @types/testing-library__dom@7.5.0: This is a stub types definition. testing-library__dom provides its own type definitions, so you do not need this installed.
warning react-scripts > webpack-dev-server > chokidar@2.1.8: Chokidar 2 will break on node v14+. Upgrade to chokidar 3 with 15x less dependencies.
warning react-scripts > webpack-dev-server > chokidar > fsevents@1.2.13: fsevents 1 will break on node v14+ and could be using insecure binaries. Upgrade to fsevents 2.
warning react-scripts > babel-jest > @jest/transform > jest-haste-map > fsevents@1.2.13: fsevents 1 will break on node v14+ and could be using insecure binaries. Upgrade to fsevents 2.
warning react-scripts > jest-environment-jsdom-fourteen > jsdom > request@2.88.2: request has been deprecated, see https://github.com/request/request/issues/3142
warning react-scripts > jest-environment-jsdom-fourteen > jsdom > request-promise-native@1.0.9: request-promise-native has been deprecated because it extends the now deprecated request package, see https://github.com/request/request/issues/3142
warning react-scripts > workbox-webpack-plugin > workbox-build > @hapi/joi@15.1.1: joi is leaving the @hapi organization and moving back to 'joi' (https://github.com/sideway/joi/issues/2411)
warning react-scripts > webpack > watchpack > watchpack-chokidar2 > chokidar@2.1.8: Chokidar 2 will break on node v14+. Upgrade to chokidar 3 with 15x less dependencies.
warning react-scripts > jest-environment-jsdom-fourteen > jsdom > request > har-validator@5.1.5: this library is no longer supported
warning react-scripts > jest > jest-cli > jest-config > jest-environment-jsdom > jsdom > request@2.88.2: request has been deprecated, see https://github.com/request/request/issues/3142
warning react-scripts > jest > jest-cli > jest-config > jest-environment-jsdom > jsdom > request-promise-native@1.0.9: request-promise-native has been deprecated because it extends the now deprecated request package, see https://github.com/request/request/issues/3142
warning react-scripts > workbox-webpack-plugin > workbox-build > @hapi/joi > @hapi/hoek@8.5.1: This version has been deprecated and is no longer supported or maintained
warning react-scripts > workbox-webpack-plugin > workbox-build > @hapi/joi > @hapi/topo@3.1.6: This version has been deprecated and is no longer supported or maintained
warning react-scripts > workbox-webpack-plugin > workbox-build > @hapi/joi > @hapi/topo > @hapi/hoek@8.5.1: This version has been deprecated and is no longer supported or maintained
warning react-scripts > workbox-webpack-plugin > workbox-build > @hapi/joi > @hapi/address@2.1.4: This version has been deprecated and is no longer supported or maintained
warning react-scripts > workbox-webpack-plugin > workbox-build > @hapi/joi > @hapi/bourne@1.3.2: This version has been deprecated and is no longer supported or maintained
warning react-scripts > jest > jest-cli > jest-config > jest-environment-jsdom > jsdom > left-pad@1.3.0: use String.prototype.padStart()
warning react-scripts > workbox-webpack-plugin > workbox-build > strip-comments > babel-plugin-transform-object-rest-spread > babel-runtime > core-js@2.6.11: core-js@<3 is no longer maintained and not recommended for usage due to the number of issues. Please, upgrade your dependencies to the actual version of core-js@3.
[2/4] Fetching packages...
info fsevents@2.1.2: The platform "linux" is incompatible with this module.
info "fsevents@2.1.2" is an optional dependency and failed compatibility check. Excluding it from installation.
info fsevents@1.2.13: The platform "linux" is incompatible with this module.
info "fsevents@1.2.13" is an optional dependency and failed compatibility check. Excluding it from installation.
info fsevents@2.1.3: The platform "linux" is incompatible with this module.
info "fsevents@2.1.3" is an optional dependency and failed compatibility check. Excluding it from installation.
[3/4] Linking dependencies...
warning " > @testing-library/user-event@7.2.1" has unmet peer dependency "@testing-library/dom@>=5".
warning "react-scripts > @typescript-eslint/eslint-plugin > tsutils@3.17.1" has unmet peer dependency "typescript@>=2.8.0 || >= 3.2.0-dev || >= 3.3.0-dev || >= 3.4.0-dev || >= 3.5.0-dev || >= 3.6.0-dev || >= 3.6.0-beta || >= 3.7.0-dev || >= 3.7.0-beta".
[4/4] Building fresh packages...
success Saved lockfile.
Done in 177.61s.
[frontEnd (10)] [courseki@nymeria ionic-react-course]$ npm run-script build
npm WARN lifecycle The node binary used for scripts is /home/courseki/nodevenv/frontEnd/10/bin/node but npm is using /opt/alt/alt-nodejs10/root/usr/bin/node itself. Use the `--scripts-prepend-node-path` option to include the path for the node binary npm was executed with.

> ionic-react-course@0.1.0 build /home/courseki/frontEnd/ionic-react-course
> react-scripts build

Creating an optimized production build...
Failed to compile.

spawn ENOMEM


npm ERR! code ELIFECYCLE
npm ERR! errno 1
npm ERR! ionic-react-course@0.1.0 build: `react-scripts build`
npm ERR! Exit status 1
npm ERR! 
npm ERR! Failed at the ionic-react-course@0.1.0 build script.
npm ERR! This is probably not a problem with npm. There is likely additional logging output above.

npm ERR! A complete log of this run can be found in:
npm ERR!     /home/courseki/.npm/_logs/2020-07-30T17_42_55_844Z-debug.log
[frontEnd (10)] [courseki@nymeria ionic-react-course]$ yarn build
yarn run v1.22.4
$ react-scripts build
Creating an optimized production build...
Failed to compile.

spawn ENOMEM


error Command failed with exit code 1.
info Visit https://yarnpkg.com/en/docs/cli/run for documentation about this command.
[frontEnd (10)] [courseki@nymeria ionic-react-course]$ ls
README.md  ecosystem.config.js  package-lock.json  public  yarn.lock
build      node_modules         package.json       src
[frontEnd (10)] [courseki@nymeria ionic-react-course]$ cd build/
[frontEnd (10)] [courseki@nymeria build]$ ls
avatar.png  favicon.ico  logo192.png  logo512.png  manifest.json  robots.txt
[frontEnd (10)] [courseki@nymeria build]$ cd ..
[frontEnd (10)] [courseki@nymeria ionic-react-course]$ ls
README.md  ecosystem.config.js  package-lock.json  public  yarn.lock
build      node_modules         package.json       src
[frontEnd (10)] [courseki@nymeria ionic-react-course]$ cd ..
[frontEnd (10)] [courseki@nymeria frontEnd]$ ls
app.js  coursekita-frontend  ionic-react-course  node_modules  public  tmp
[frontEnd (10)] [courseki@nymeria frontEnd]$ cd coursekita-frontend/
[frontEnd (10)] [courseki@nymeria coursekita-frontend]$ cd build/
[frontEnd (10)] [courseki@nymeria build]$ ls
asset-manifest.json  manifest.json
favicon.ico          precache-manifest.53a447a78535b01d9b185b1c41076ab4.js
index.html           robots.txt
logo192.png          service-worker.js
logo512.png          static
[frontEnd (10)] [courseki@nymeria build]$ cd ..
[frontEnd (10)] [courseki@nymeria coursekita-frontend]$ cd ..
[frontEnd (10)] [courseki@nymeria frontEnd]$ ls
app.js  coursekita-frontend  ionic-react-course  node_modules  public  tmp
[frontEnd (10)] [courseki@nymeria frontEnd]$ cd ionic-react-course/
[frontEnd (10)] [courseki@nymeria ionic-react-course]$ rm build/
rm: cannot remove 'build/': Is a directory
[frontEnd (10)] [courseki@nymeria ionic-react-course]$ ls
README.md            node_modules       package.json  src
ecosystem.config.js  package-lock.json  public        yarn.lock
[frontEnd (10)] [courseki@nymeria ionic-react-course]$ yarn build
yarn run v1.22.4
$ react-scripts build
Creating an optimized production build...
Failed to compile.

spawn ENOMEM


error Command failed with exit code 1.
info Visit https://yarnpkg.com/en/docs/cli/run for documentation about this command.
[frontEnd (10)] [courseki@nymeria ionic-react-course]$ npm build
npm WARN build `npm build` called with no arguments. Did you mean to `npm run-script build`?
[frontEnd (10)] [courseki@nymeria ionic-react-course]$ vim ecosystem.config.js 
[frontEnd (10)] [courseki@nymeria ionic-react-course]$ yarn build
yarn run v1.22.4
$ react-scripts build
Creating an optimized production build...
Failed to compile.

spawn ENOMEM


error Command failed with exit code 1.
info Visit https://yarnpkg.com/en/docs/cli/run for documentation about this command.
[frontEnd (10)] [courseki@nymeria ionic-react-course]$ yarn add pm2 serve --save
yarn add v1.22.4
warning package-lock.json found. Your project contains lock files generated by tools other than Yarn. It is advised not to mix package managers in order to avoid resolution inconsistencies caused by unsynchronized lock files. To clear this warning, remove package-lock.json.
[1/4] Resolving packages...
[2/4] Fetching packages...
info fsevents@2.1.2: The platform "linux" is incompatible with this module.
info "fsevents@2.1.2" is an optional dependency and failed compatibility check. Excluding it from installation.
info fsevents@1.2.13: The platform "linux" is incompatible with this module.
info "fsevents@1.2.13" is an optional dependency and failed compatibility check. Excluding it from installation.
info fsevents@2.1.3: The platform "linux" is incompatible with this module.
info "fsevents@2.1.3" is an optional dependency and failed compatibility check. Excluding it from installation.
[3/4] Linking dependencies...
warning " > @testing-library/user-event@7.2.1" has unmet peer dependency "@testing-library/dom@>=5".
warning "react-scripts > @typescript-eslint/eslint-plugin > tsutils@3.17.1" has unmet peer dependency "typescript@>=2.8.0 || >= 3.2.0-dev || >= 3.3.0-dev || >= 3.4.0-dev || >= 3.5.0-dev || >= 3.6.0-dev || >= 3.6.0-beta || >= 3.7.0-dev || >= 3.7.0-beta".
[4/4] Building fresh packages...
success Saved lockfile.
success Saved 77 new dependencies.
info Direct dependencies
├─ pm2@4.4.0
└─ serve@11.3.2
info All dependencies
├─ @opencensus/core@0.0.9
├─ @opencensus/propagation-b3@0.0.8
├─ @pm2/agent-node@1.1.10
├─ @pm2/agent@1.0.4
├─ @pm2/io@4.3.5
├─ @pm2/js-api@0.6.0
├─ @pm2/pm2-version-check@1.0.3
├─ @zeit/schemas@2.6.0
├─ amp-message@0.1.2
├─ amp@0.3.1
├─ ansi-align@2.0.0
├─ arch@2.1.2
├─ arg@2.0.0
├─ ast-types@0.13.3
├─ async-listener@0.6.10
├─ blessed@0.1.81
├─ boxen@1.3.0
├─ charm@0.1.2
├─ cli-boxes@1.0.0
├─ cli-tableau@2.0.1
├─ clipboardy@1.2.3
├─ compression@1.7.3
├─ content-disposition@0.5.2
├─ cron@1.8.2
├─ data-uri-to-buffer@1.2.0
├─ dayjs@1.8.31
├─ deep-extend@0.6.0
├─ degenerator@1.0.4
├─ emitter-listener@1.1.2
├─ enquirer@2.3.5
├─ es6-promise@4.2.8
├─ escape-regexp@0.0.1
├─ eventemitter2@5.0.1
├─ fast-url-parser@1.1.3
├─ fclone@1.0.11
├─ ftp@0.3.10
├─ get-uri@2.0.4
├─ lazy@1.0.11
├─ module-details-from-path@1.0.3
├─ moment-timezone@0.5.31
├─ moment@2.27.0
├─ needle@2.4.0
├─ netmask@1.0.6
├─ nssocket@0.6.0
├─ pac-proxy-agent@3.0.1
├─ pac-resolver@3.0.0
├─ path-to-regexp@2.2.1
├─ pidusage@2.0.18
├─ pm2-axon-rpc@0.5.1
├─ pm2-axon@3.3.0
├─ pm2-deploy@1.0.2
├─ pm2-multimeter@0.1.2
├─ pm2@4.4.0
├─ promptly@2.2.0
├─ proxy-agent@3.1.1
├─ proxy-from-env@1.1.0
├─ ps-list@6.3.0
├─ pseudomap@1.0.2
├─ rc@1.2.8
├─ read@1.0.7
├─ registry-auth-token@3.3.2
├─ registry-url@3.1.0
├─ require-in-the-middle@5.0.3
├─ run-series@1.1.8
├─ serve-handler@6.1.3
├─ serve@11.3.2
├─ smart-buffer@4.1.0
├─ socks@2.3.3
├─ sprintf-js@1.1.2
├─ systeminformation@4.26.10
├─ term-size@1.2.0
├─ thunkify@2.1.2
├─ tv4@1.3.0
├─ update-check@1.5.2
├─ vizion@0.2.13
├─ widest-line@2.0.1
└─ yamljs@0.3.0
Done in 30.03s.
[frontEnd (10)] [courseki@nymeria ionic-react-course]$ yarn build
yarn run v1.22.4
$ react-scripts build
Creating an optimized production build...
Failed to compile.

spawn ENOMEM


error Command failed with exit code 1.
info Visit https://yarnpkg.com/en/docs/cli/run for documentation about this command.
[frontEnd (10)] [courseki@nymeria ionic-react-course]$ source /home/courseki/nodevenv/frontEnd/10/bin/activate && cd /home/courseki/frontEnd
[frontEnd (10)] [courseki@nymeria frontEnd]$ ls
app.js  coursekita-frontend  ionic-react-course  node_modules  public  tmp
[frontEnd (10)] [courseki@nymeria frontEnd]$ cd ionic-react-course/
[frontEnd (10)] [courseki@nymeria ionic-react-course]$ ls   
README.md  ecosystem.config.js  package-lock.json  public  yarn.lock
build      node_modules         package.json       src
[frontEnd (10)] [courseki@nymeria ionic-react-course]$ cd build/
[frontEnd (10)] [courseki@nymeria build]$ ls
avatar.png  favicon.ico  logo192.png  logo512.png  manifest.json  robots.txt
[frontEnd (10)] [courseki@nymeria build]$ cd ..
[frontEnd (10)] [courseki@nymeria ionic-react-course]$ yarn build
yarn run v1.22.4
$ react-scripts build
Creating an optimized production build...
Failed to compile.

spawn ENOMEM


error Command failed with exit code 1.
info Visit https://yarnpkg.com/en/docs/cli/run for documentation about this command.
[frontEnd (10)] [courseki@nymeria ionic-react-course]$ 
